[I 2022-04-25 14:43:43.532 ServerApp] jupyterlab | extension was successfully linked.
[W 2022-04-25 14:43:43.534 NotebookApp] 'password' has moved from NotebookApp to ServerApp. This config will be passed to ServerApp. Be sure to update your config before our next release.
[I 2022-04-25 14:43:43.616 ServerApp] nbclassic | extension was successfully linked.
[I 2022-04-25 14:43:43.640 ServerApp] nbclassic | extension was successfully loaded.
[I 2022-04-25 14:43:43.641 LabApp] JupyterLab extension loaded from /home/martinm/nib_ckn/venv/lib/python3.8/site-packages/jupyterlab
[I 2022-04-25 14:43:43.641 LabApp] JupyterLab application directory is /home/martinm/nib_ckn/venv/share/jupyter/lab
[I 2022-04-25 14:43:43.643 ServerApp] jupyterlab | extension was successfully loaded.
[I 2022-04-25 14:43:43.643 ServerApp] Serving notebooks from local directory: /home/martinm/nib_ckn
[I 2022-04-25 14:43:43.643 ServerApp] Jupyter Server 1.11.2 is running at:
[I 2022-04-25 14:43:43.643 ServerApp] http://localhost:8889/lab
[I 2022-04-25 14:43:43.643 ServerApp]  or http://127.0.0.1:8889/lab
[I 2022-04-25 14:43:43.643 ServerApp] Use Control-C to stop this server and shut down all kernels (twice to skip confirmation).
[W 2022-04-25 14:45:21.281 LabApp] Could not determine jupyterlab build status without nodejs
[I 2022-04-25 14:45:22.905 ServerApp] Kernel started: aa9c2b36-e3fe-4c2b-88d3-91ff76e1852c
[I 2022-04-25 14:47:44.843 ServerApp] Kernel restarted: aa9c2b36-e3fe-4c2b-88d3-91ff76e1852c
2022-04-25 14:47:49.606550: I tensorflow/core/platform/cpu_feature_guard.cc:151] This TensorFlow binary is optimized with oneAPI Deep Neural Network Library (oneDNN) to use the following CPU instructions in performance-critical operations:  AVX2 FMA
To enable them in other operations, rebuild TensorFlow with the appropriate compiler flags.
[I 2022-04-25 14:48:08.966 ServerApp] Creating new directory in /notebooks
[W 2022-04-25 14:48:15.535 ServerApp] delete /notebooks/Untitled Folder
[I 2022-04-25 14:49:04.021 ServerApp] New terminal with automatic name: 1
TermSocket.open: 1
not able to serialize: expected string or bytes-like object
TermSocket.open: Opened 1
[I 2022-04-25 14:49:22.468 ServerApp] Saving file at /notebooks/CKN-LinkPred_5_0.ipynb
[I 2022-04-25 15:11:22.648 ServerApp] Saving file at /notebooks/CKN-LinkPred_5_0.ipynb
[I 2022-04-25 15:13:22.806 ServerApp] Saving file at /notebooks/CKN-LinkPred_5_0.ipynb
[I 2022-04-25 15:25:22.968 ServerApp] Saving file at /notebooks/CKN-LinkPred_5_0.ipynb
[I 2022-04-25 16:01:23.137 ServerApp] Saving file at /notebooks/CKN-LinkPred_5_0.ipynb
[I 2022-04-25 16:03:23.756 ServerApp] Saving file at /notebooks/CKN-LinkPred_5_0.ipynb
[I 2022-04-25 16:05:24.077 ServerApp] Saving file at /notebooks/CKN-LinkPred_5_0.ipynb
[I 2022-04-25 16:07:24.414 ServerApp] Saving file at /notebooks/CKN-LinkPred_5_0.ipynb
[W 2022-04-25 16:09:20.353 ServerApp] Notebook notebooks/MPS_CKN-LinkPred_3_1.ipynb is not trusted
[I 2022-04-25 16:09:21.295 ServerApp] Kernel started: 77aaaf1d-c075-4e5e-9648-aea8a693a00d
[I 2022-04-25 16:09:25.160 ServerApp] Saving file at /notebooks/CKN-LinkPred_5_0.ipynb
[W 2022-04-25 16:10:30.658 ServerApp] Notebook notebooks/CKN-LinkPred_4_1.ipynb is not trusted
[I 2022-04-25 16:10:31.554 ServerApp] Kernel started: cd078e93-ae5b-45fa-a577-cbc56f758b9e
[I 2022-04-25 16:12:31.932 ServerApp] Saving file at /notebooks/CKN-LinkPred_4_1.ipynb
[W 2022-04-25 16:12:31.933 ServerApp] Notebook notebooks/CKN-LinkPred_4_1.ipynb is not trusted
[I 2022-04-25 16:23:25.559 ServerApp] Saving file at /notebooks/CKN-LinkPred_5_0.ipynb
[I 2022-04-25 16:25:25.866 ServerApp] Saving file at /notebooks/CKN-LinkPred_5_0.ipynb
[I 2022-04-25 16:31:26.160 ServerApp] Saving file at /notebooks/CKN-LinkPred_5_0.ipynb
[I 2022-04-25 16:32:05.700 ServerApp] Copying notebooks/CKN-LinkPred_5_0.ipynb to /notebooks
[I 2022-04-25 16:32:20.108 ServerApp] Kernel started: 6c439cfd-703e-45d9-8a48-582745948072
[I 2022-04-25 16:33:26.487 ServerApp] Saving file at /notebooks/CKN-LinkPred_5_0.ipynb
[I 2022-04-25 16:34:20.776 ServerApp] Saving file at /notebooks/CKN-LinkPred_5_1.ipynb
2022-04-25 16:35:53.049082: I tensorflow/core/platform/cpu_feature_guard.cc:151] This TensorFlow binary is optimized with oneAPI Deep Neural Network Library (oneDNN) to use the following CPU instructions in performance-critical operations:  AVX2 FMA
To enable them in other operations, rebuild TensorFlow with the appropriate compiler flags.
[I 2022-04-25 16:36:22.658 ServerApp] Saving file at /notebooks/CKN-LinkPred_5_1.ipynb
[I 2022-04-25 16:38:22.989 ServerApp] Saving file at /notebooks/CKN-LinkPred_5_1.ipynb
[I 2022-04-25 16:41:28.603 ServerApp] Saving file at /notebooks/CKN-LinkPred_5_0.ipynb
[I 2022-04-25 16:45:32.031 ServerApp] Saving file at /data/AtCKN_2022-01-26.tsv
[W 2022-04-25 16:45:45.153 ServerApp] delete /data/AtCKN_2022-01-26_fully-undirected.tsv.gz
[W 2022-04-25 16:45:45.172 ServerApp] delete /data/AtCKN_2022-01-26.tsv.gz
[I 2022-04-25 16:46:08.262 ServerApp] Saving file at /data/AtCKN_2022-01-26_fully-undirected.tsv
